\BOOKMARK [1][-]{section.1}{\376\377\000I\000n\000t\000r\000o\000d\000u\000c\000t\000i\000o\000n}{}% 1
\BOOKMARK [2][-]{subsection.1.1}{\376\377\000R\000i\000n\000g\000s}{section.1}% 2
\BOOKMARK [2][-]{subsection.1.2}{\376\377\000F\000i\000e\000l\000d\000s}{section.1}% 3
\BOOKMARK [2][-]{subsection.1.3}{\376\377\000R\000e\000a\000l\000\040\000E\000u\000c\000l\000i\000d\000e\000a\000n\000\040\000S\000p\000a\000c\000e}{section.1}% 4
\BOOKMARK [1][-]{section.2}{\376\377\000V\000e\000c\000t\000o\000r\000s}{}% 5
\BOOKMARK [2][-]{subsection.2.1}{\376\377\000V\000e\000c\000t\000o\000r\000\040\000O\000p\000e\000r\000a\000t\000i\000o\000n\000s}{section.2}% 6
\BOOKMARK [3][-]{subsubsection.2.1.1}{\376\377\000A\000d\000d\000i\000t\000i\000o\000n}{subsection.2.1}% 7
\BOOKMARK [3][-]{subsubsection.2.1.2}{\376\377\000S\000c\000a\000l\000a\000r\000\040\000M\000u\000l\000t\000i\000p\000l\000i\000c\000a\000t\000i\000o\000n}{subsection.2.1}% 8
\BOOKMARK [3][-]{subsubsection.2.1.3}{\376\377\000L\000i\000n\000e\000a\000r\000\040\000C\000o\000m\000b\000i\000n\000a\000t\000i\000o\000n}{subsection.2.1}% 9
\BOOKMARK [2][-]{subsection.2.2}{\376\377\000D\000o\000t\000\040\000P\000r\000o\000d\000u\000c\000t}{section.2}% 10
\BOOKMARK [2][-]{subsection.2.3}{\376\377\000N\000o\000r\000m\000e\000d\000\040\000S\000p\000a\000c\000e\000s}{section.2}% 11
\BOOKMARK [3][-]{subsubsection.2.3.1}{\376\377\000L\000p\000\040\000N\000o\000r\000m\000s}{subsection.2.3}% 12
\BOOKMARK [3][-]{subsubsection.2.3.2}{\376\377\000L\000\040\000N\000o\000r\000m}{subsection.2.3}% 13
\BOOKMARK [2][-]{subsection.2.4}{\376\377\000U\000n\000i\000t\000\040\000V\000e\000c\000t\000o\000r\000s}{section.2}% 14
\BOOKMARK [2][-]{subsection.2.5}{\376\377\000O\000r\000t\000h\000o\000g\000o\000n\000a\000l\000i\000t\000y}{section.2}% 15
\BOOKMARK [3][-]{subsubsection.2.5.1}{\376\377\000O\000r\000t\000h\000o\000g\000o\000n\000a\000l\000\040\000P\000r\000o\000j\000e\000c\000t\000i\000o\000n}{subsection.2.5}% 16
\BOOKMARK [2][-]{subsection.2.6}{\376\377\000C\000a\000u\000c\000h\000y\000-\000S\000c\000h\000w\000a\000r\000z\000\040\000I\000n\000e\000q\000u\000a\000l\000i\000t\000y}{section.2}% 17
\BOOKMARK [1][-]{section.3}{\376\377\000M\000a\000t\000r\000i\000c\000e\000s}{}% 18
\BOOKMARK [2][-]{subsection.3.1}{\376\377\000A\000d\000d\000i\000t\000i\000o\000n\000\040\000a\000n\000d\000\040\000S\000c\000a\000l\000a\000r\000\040\000M\000u\000l\000t\000i\000p\000l\000i\000c\000a\000t\000i\000o\000n}{section.3}% 19
\BOOKMARK [2][-]{subsection.3.2}{\376\377\000T\000r\000a\000n\000s\000p\000o\000s\000e}{section.3}% 20
\BOOKMARK [2][-]{subsection.3.3}{\376\377\000M\000a\000t\000r\000i\000x\000\040\000M\000u\000l\000t\000i\000p\000l\000i\000c\000a\000t\000i\000o\000n}{section.3}% 21
\BOOKMARK [3][-]{subsubsection.3.3.1}{\376\377\000M\000a\000t\000r\000i\000x\000\040\000M\000u\000l\000t\000i\000p\000l\000i\000c\000a\000t\000i\000o\000n\000\040\000P\000r\000o\000p\000e\000r\000t\000i\000e\000s}{subsection.3.3}% 22
\BOOKMARK [3][-]{subsubsection.3.3.2}{\376\377\000D\000o\000t\000\040\000P\000r\000o\000d\000u\000c\000t\000\040\000R\000e\000v\000i\000s\000i\000t\000e\000d}{subsection.3.3}% 23
\BOOKMARK [2][-]{subsection.3.4}{\376\377\000I\000d\000e\000n\000t\000i\000t\000y\000\040\000M\000a\000t\000r\000i\000c\000e\000s}{section.3}% 24
\BOOKMARK [1][-]{section.4}{\376\377\000L\000i\000n\000e\000a\000r\000\040\000M\000a\000p\000p\000i\000n\000g\000s}{}% 25
\BOOKMARK [2][-]{subsection.4.1}{\376\377\000I\000s\000o\000m\000o\000r\000p\000h\000i\000s\000m\000s\000\040\000\046\000\040\000H\000o\000m\000o\000m\000o\000r\000p\000h\000i\000s\000m\000s}{section.4}% 26
\BOOKMARK [1][-]{section.5}{\376\377\000V\000e\000c\000t\000o\000r\000\040\000S\000p\000a\000c\000e\000s}{}% 27
\BOOKMARK [2][-]{subsection.5.1}{\376\377\000M\000e\000t\000r\000i\000c\000\040\000S\000p\000a\000c\000e\000s}{section.5}% 28
\BOOKMARK [2][-]{subsection.5.2}{\376\377\000N\000o\000r\000m\000e\000d\000\040\000S\000p\000a\000c\000e\000s}{section.5}% 29
\BOOKMARK [2][-]{subsection.5.3}{\376\377\000I\000n\000n\000e\000r\000\040\000P\000r\000o\000d\000u\000c\000t\000\040\000S\000p\000a\000c\000e}{section.5}% 30
\BOOKMARK [1][-]{section.6}{\376\377\000E\000i\000g\000e\000n\000t\000h\000i\000n\000g\000s}{}% 31
\BOOKMARK [1][-]{section.7}{\376\377\000O\000r\000d\000i\000n\000a\000r\000y\000\040\000L\000e\000a\000s\000t\000\040\000S\000q\000u\000a\000r\000e\000s}{}% 32
