\BOOKMARK [1][-]{section.1}{\376\377\000S\000e\000t\000\040\000T\000h\000e\000o\000r\000y}{}% 1
\BOOKMARK [2][-]{subsection.1.1}{\376\377\000S\000a\000m\000p\000l\000e\000\040\000S\000p\000a\000c\000e\000s}{section.1}% 2
\BOOKMARK [2][-]{subsection.1.2}{\376\377\000N\000a\000i\000v\000e\000\040\000D\000e\000f\000i\000n\000i\000t\000i\000o\000n\000\040\000o\000f\000\040\000P\000r\000o\000b\000a\000b\000i\000l\000i\000t\000y}{section.1}% 3
\BOOKMARK [2][-]{subsection.1.3}{\376\377\000G\000e\000n\000e\000r\000a\000l\000\040\000D\000e\000f\000i\000n\000i\000t\000i\000o\000n\000\040\000o\000f\000\040\000P\000r\000o\000b\000a\000b\000i\000l\000i\000t\000y}{section.1}% 4
\BOOKMARK [3][-]{subsubsection.1.3.1}{\376\377\000P\000r\000o\000p\000e\000r\000t\000i\000e\000s\000\040\000o\000f\000\040\000P\000r\000o\000b\000a\000b\000i\000l\000i\000t\000y}{subsection.1.3}% 5
\BOOKMARK [3][-]{subsubsection.1.3.2}{\376\377\000I\000n\000c\000l\000u\000s\000i\000o\000n\000-\000E\000x\000c\000l\000u\000s\000i\000o\000n\000\040\000P\000r\000i\000n\000c\000i\000p\000l\000e}{subsection.1.3}% 6
\BOOKMARK [2][-]{subsection.1.4}{\376\377\000C\000o\000n\000d\000i\000t\000i\000o\000n\000a\000l\000\040\000P\000r\000o\000b\000a\000b\000i\000l\000i\000t\000y}{section.1}% 7
\BOOKMARK [1][-]{section.2}{\376\377\000D\000e\000r\000a\000n\000g\000e\000m\000e\000n\000t}{}% 8
\BOOKMARK [2][-]{subsection.2.1}{\376\377\000C\000o\000u\000n\000t\000i\000n\000g\000\040\000D\000e\000r\000a\000n\000g\000e\000m\000e\000n\000t\000s}{section.2}% 9
\BOOKMARK [3][-]{subsubsection.2.1.1}{\376\377\000L\000i\000m\000i\000t\000i\000n\000g\000\040\000G\000r\000o\000w\000t\000h}{subsection.2.1}% 10
\BOOKMARK [1][-]{section.3}{\376\377\000D\000i\000s\000c\000r\000e\000t\000e\000\040\000R\000a\000n\000d\000o\000m\000\040\000V\000a\000r\000i\000a\000b\000l\000e\000s}{}% 11
\BOOKMARK [2][-]{subsection.3.1}{\376\377\000B\000i\000n\000o\000m\000i\000a\000l}{section.3}% 12
\BOOKMARK [2][-]{subsection.3.2}{\376\377\000H\000y\000p\000e\000r\000g\000e\000o\000m\000e\000t\000r\000i\000c}{section.3}% 13
\BOOKMARK [3][-]{subsubsection.3.2.1}{\376\377\000H\000y\000p\000e\000r\000g\000e\000o\000m\000e\000t\000r\000i\000c\000\040\000S\000y\000m\000m\000e\000t\000r\000y}{subsection.3.2}% 14
\BOOKMARK [2][-]{subsection.3.3}{\376\377\000G\000e\000o\000m\000e\000t\000r\000i\000c}{section.3}% 15
\BOOKMARK [2][-]{subsection.3.4}{\376\377\000N\000e\000g\000a\000t\000i\000v\000e\000\040\000B\000i\000n\000o\000m\000i\000a\000l}{section.3}% 16
\BOOKMARK [1][-]{section.4}{\376\377\000L\000a\000w\000\040\000o\000f\000\040\000L\000a\000r\000g\000e\000\040\000n\000u\000m\000b\000e\000r\000s}{}% 17
\BOOKMARK [2][-]{subsection.4.1}{\376\377\000I\000n\000e\000q\000u\000a\000l\000i\000t\000i\000e\000s}{section.4}% 18
\BOOKMARK [3][-]{subsubsection.4.1.1}{\376\377\000M\000a\000r\000k\000o\000v\000'\000s\000\040\000I\000n\000e\000q\000u\000a\000l\000i\000t\000y}{subsection.4.1}% 19
\BOOKMARK [3][-]{subsubsection.4.1.2}{\376\377\000C\000h\000e\000b\000y\000s\000h\000e\000v\000'\000s\000\040\000I\000n\000e\000q\000u\000a\000l\000i\000t\000y}{subsection.4.1}% 20
\BOOKMARK [1][-]{section.5}{\376\377\000C\000e\000n\000t\000r\000a\000l\000\040\000L\000i\000m\000i\000t\000\040\000T\000h\000e\000o\000r\000e\000m}{}% 21
\BOOKMARK [1][-]{section.6}{\376\377\000M\000o\000m\000e\000n\000t\000s}{}% 22
\BOOKMARK [2][-]{subsection.6.1}{\376\377\000I\000n\000t\000e\000r\000p\000r\000e\000t\000i\000n\000g\000\040\000M\000o\000m\000e\000n\000t\000s}{section.6}% 23
\BOOKMARK [2][-]{subsection.6.2}{\376\377\000M\000o\000m\000e\000n\000t\000\040\000G\000e\000n\000e\000r\000a\000t\000i\000n\000g\000\040\000F\000u\000n\000c\000t\000i\000o\000n\000s}{section.6}% 24
\BOOKMARK [2][-]{subsection.6.3}{\376\377\000F\000o\000r\000m\000u\000l\000a\000s\000\040\000\046\000\040\000T\000h\000e\000o\000r\000e\000m\000s}{section.6}% 25
\BOOKMARK [2][-]{subsection.6.4}{\376\377\000E\000x\000a\000m\000p\000l\000e\000s\000\040\000\050\000D\000i\000s\000c\000r\000e\000t\000e\000\051}{section.6}% 26
\BOOKMARK [3][-]{subsubsection.6.4.1}{\376\377\000B\000i\000n\000o\000m\000i\000a\000l\000\040\000M\000G\000F}{subsection.6.4}% 27
\BOOKMARK [3][-]{subsubsection.6.4.2}{\376\377\000P\000o\000i\000s\000s\000o\000n\000\040\000M\000G\000F}{subsection.6.4}% 28
\BOOKMARK [2][-]{subsection.6.5}{\376\377\000E\000x\000a\000m\000p\000l\000e\000s\000\040\000\050\000C\000o\000n\000t\000i\000n\000u\000o\000u\000s\000\051}{section.6}% 29
\BOOKMARK [3][-]{subsubsection.6.5.1}{\376\377\000S\000t\000a\000n\000d\000a\000r\000d\000\040\000N\000o\000r\000m\000a\000l}{subsection.6.5}% 30
\BOOKMARK [1][-]{section.7}{\376\377\000G\000a\000m\000m\000a\000\040\000D\000i\000s\000t\000r\000i\000b\000u\000t\000i\000o\000n}{}% 31
\BOOKMARK [2][-]{subsection.7.1}{\376\377\000G\000a\000m\000m\000a\000\040\000F\000u\000n\000c\000t\000i\000o\000n}{section.7}% 32
\BOOKMARK [2][-]{subsection.7.2}{\376\377\000G\000a\000m\000m\000a\000\040\000D\000i\000s\000t\000r\000i\000b\000u\000t\000i\000o\000n}{section.7}% 33
\BOOKMARK [2][-]{subsection.7.3}{\376\377\000M\000G\000F\000\040\000o\000f\000\040\000G\000a\000m\000m\000a\000\040\000D\000i\000s\000t\000r\000i\000b\000u\000t\000i\000o\000n}{section.7}% 34
\BOOKMARK [1][-]{section.8}{\376\377\000C\000o\000n\000d\000i\000t\000i\000o\000n\000a\000l\000s}{}% 35
\BOOKMARK [2][-]{subsection.8.1}{\376\377\000B\000a\000y\000e\000s\000'\000\040\000T\000h\000e\000o\000r\000e\000m\000\040\000R\000e\000c\000a\000p}{section.8}% 36
\BOOKMARK [2][-]{subsection.8.2}{\376\377\000L\000a\000w\000\040\000o\000f\000\040\000T\000o\000t\000a\000l\000\040\000P\000r\000o\000b\000a\000b\000i\000l\000i\000t\000y}{section.8}% 37
\BOOKMARK [2][-]{subsection.8.3}{\376\377\000I\000n\000d\000e\000p\000e\000n\000d\000e\000n\000c\000e\000\040\000o\000f\000\040\000E\000v\000e\000n\000t\000s}{section.8}% 38
\BOOKMARK [2][-]{subsection.8.4}{\376\377\000C\000o\000n\000d\000i\000t\000i\000o\000n\000a\000l\000\040\000I\000n\000d\000e\000p\000e\000n\000d\000e\000n\000c\000e}{section.8}% 39
\BOOKMARK [2][-]{subsection.8.5}{\376\377\000P\000r\000o\000p\000e\000r\000t\000i\000e\000s\000\040\000o\000f\000\040\000t\000h\000e\000\040\000C\000o\000n\000d\000i\000t\000i\000o\000n\000a\000l}{section.8}% 40
\BOOKMARK [2][-]{subsection.8.6}{\376\377\000D\000i\000s\000c\000r\000e\000t\000e\000:\000\040\000C\000o\000n\000d\000i\000t\000i\000o\000n\000a\000l\000\040\000P\000.\000M\000.\000F}{section.8}% 41
\BOOKMARK [3][-]{subsubsection.8.6.1}{\376\377\000J\000o\000i\000n\000t\000\040\000C\000D\000F}{subsection.8.6}% 42
\BOOKMARK [3][-]{subsubsection.8.6.2}{\376\377\000J\000o\000i\000n\000t\000\040\000P\000M\000F}{subsection.8.6}% 43
\BOOKMARK [3][-]{subsubsection.8.6.3}{\376\377\000M\000a\000r\000g\000i\000n\000a\000l\000\040\000P\000M\000F}{subsection.8.6}% 44
\BOOKMARK [3][-]{subsubsection.8.6.4}{\376\377\000C\000o\000n\000d\000i\000t\000i\000o\000n\000a\000l\000\040\000P\000M\000F}{subsection.8.6}% 45
\BOOKMARK [2][-]{subsection.8.7}{\376\377\000C\000o\000n\000t\000i\000n\000u\000o\000u\000s\000:\000\040\000C\000o\000n\000d\000i\000t\000i\000o\000n\000a\000l\000\040\000P\000.\000M\000.\000F}{section.8}% 46
\BOOKMARK [3][-]{subsubsection.8.7.1}{\376\377\000C\000o\000n\000d\000i\000t\000i\000o\000n\000a\000l\000\040\000P\000D\000F}{subsection.8.7}% 47
